2020-10-26 17:10:58.617 [tls.go:135][DialWithDialer][Error] Dial network err->dial tcp :44330: connect: connection refused
2020-10-26 17:10:58.617 [main.go:58][gmclient_echo][Info] Dial ERR->dial tcp :44330: connect: connection refused
2020-10-26 17:11:53.386 [handshake_client.go:189][clientHandshake][Info] 
001->>>>>>>>>>> Client hello Msg >>>>>>>>>>>>>>>>>>>>>
00000000  01 00 00 29 01 01 6f f9  a1 73 1c 4c b1 8c a7 0f  |...)..o..s.L....|
00000010  8e be ec 4c 05 d7 bd c2  08 ac 2b 6a 65 a9 35 39  |...L......+je.59|
00000020  fe 74 2e 99 e8 3a 00 00  02 e0 13 01 00           |.t...:.......|

2020-10-26 17:11:53.418 [handshake_client.go:205][clientHandshake][Info] 
002-<<<<<<<<<<< Server Hello Msg <<<<<<<<<<<<<<<<<
00000000  02 00 00 46 01 01 c9 8b  e2 6a c2 0b a6 f1 fb 6f  |...F.....j.....o|
00000010  9e 8f a5 75 37 e9 d1 0a  c4 18 cd 5e 5e ad e9 76  |...u7......^^..v|
00000020  ef 33 78 99 ed 8b 20 98  ee 8d 56 11 22 4a d8 64  |.3x... ...V."J.d|
00000030  06 a3 1d 99 96 fe cf d8  b1 30 b9 bd ad a2 7a f5  |.........0....z.|
00000040  61 49 10 c7 de fe ab e0  13 00                    |aI........|

2020-10-26 17:11:53.419 [handshake_client.go:324][doFullHandshake][Info] 
003-<<<<<<<<<<< Server Certificates <<<<<<<<<<<<<<<<<+
00000000  0b 00 0c 28 00 0c 25 00  03 7c 30 82 03 78 30 82  |...(..%..|0..x0.|
00000010  03 1d a0 03 02 01 02 02  10 4b 73 f7 e7 93 2a 4c  |.........Ks...*L|
00000020  d4 38 b7 4b 80 f0 bc 4b  01 30 0a 06 08 2a 81 1c  |.8.K...K.0...*..|
00000030  cf 55 01 83 75 30 64 31  0b 30 09 06 03 55 04 06  |.U..u0d1.0...U..|
00000040  13 02 43 4e 31 2d 30 2b  06 03 55 04 0a 0c 24 e6  |..CN1-0+..U...$.|
00000050  b2 83 e9 80 9a e7 94 b5  e5 ad 90 e8 ae a4 e8 af  |................|
00000060  81 e6 9c 8d e5 8a a1 e6  9c 89 e9 99 90 e5 85 ac  |................|
00000070  e5 8f b8 31 26 30 24 06  03 55 04 03 0c 1d e5 9b  |...1&0$..U......|
00000080  bd e5 af 86 53 4d 32 e6  9c 8d e5 8a a1 e5 99 a8  |....SM2.........|
00000090  e6 a0 b9 e8 af 81 e4 b9  a6 56 33 30 1e 17 0d 31  |.........V30...1|
000000a0  39 30 34 31 32 30 35 33  30 34 31 5a 17 0d 32 31  |90412053041Z..21|
000000b0  30 34 31 32 30 33 33 39  35 33 5a 30 7f 31 0b 30  |0412033953Z0.1.0|
000000c0  09 06 03 55 04 06 13 02  43 4e 31 12 30 10 06 03  |...U....CN1.0...|
000000d0  55 04 08 0c 09 e5 b9 bf  e4 b8 9c e7 9c 81 31 12  |U.............1.|
000000e0  30 10 06 03 55 04 07 0c  09 e6 b7 b1 e5 9c b3 e5  |0...U...........|
000000f0  b8 82 31 2d 30 2b 06 03  55 04 0a 0c 24 e6 b2 83  |..1-0+..U...$...|
00000100  e9 80 9a e7 94 b5 e5 ad  90 e8 ae a4 e8 af 81 e6  |................|
00000110  9c 8d e5 8a a1 e6 9c 89  e9 99 90 e5 85 ac e5 8f  |................|
00000120  b8 31 19 30 17 06 03 55  04 03 0c 10 73 6d 32 6f  |.1.0...U....sm2o|
00000130  6e 6c 79 2e 6f 76 73 73  6c 2e 63 6e 30 59 30 13  |nly.ovssl.cn0Y0.|
00000140  06 07 2a 86 48 ce 3d 02  01 06 08 2a 81 1c cf 55  |..*.H.=....*...U|
00000150  01 82 2d 03 42 00 04 f3  58 5b c2 71 ca 09 cc a4  |..-.B...X[.q....|
00000160  02 38 d1 6d 3b 32 df f4  e3 9e 83 76 90 24 46 86  |.8.m;2.....v.$F.|
00000170  b9 dd ef f3 26 79 ab 8d  a3 e8 f9 08 a4 37 fb a2  |....&y.......7..|
00000180  83 82 75 6f 21 05 e9 d1  3a 06 a3 4d 22 f9 83 ec  |..uo!...:..M"...|
00000190  24 0f 78 0e 4f f0 5d a3  82 01 94 30 82 01 90 30  |$.x.O.]....0...0|
000001a0  0e 06 03 55 1d 0f 01 01  ff 04 04 03 02 07 80 30  |...U...........0|
000001b0  1d 06 03 55 1d 25 04 16  30 14 06 08 2b 06 01 05  |...U.%..0...+...|
000001c0  05 07 03 01 06 08 2b 06  01 05 05 07 03 02 30 09  |......+.......0.|
000001d0  06 03 55 1d 13 04 02 30  00 30 1d 06 03 55 1d 0e  |..U....0.0...U..|
000001e0  04 16 04 14 ad ef cf 5e  e9 2a c6 23 56 34 71 1e  |.......^.*.#V4q.|
000001f0  83 ce 1d f0 f5 aa 54 81  30 1f 06 03 55 1d 23 04  |......T.0...U.#.|
00000200  18 30 16 80 14 8e 86 68  b9 2c d8 ae cb 20 26 f6  |.0.....h.,... &.|
00000210  5f b6 3b 5a 5e ea 9b 99  66 30 65 06 08 2b 06 01  |_.;Z^...f0e..+..|
00000220  05 05 07 01 01 04 59 30  57 30 22 06 08 2b 06 01  |......Y0W0"..+..|
00000230  05 05 07 30 01 86 16 68  74 74 70 3a 2f 2f 6f 63  |...0...http://oc|
00000240  73 70 2e 77 6f 74 72 75  73 2e 63 6f 6d 30 31 06  |sp.wotrus.com01.|
00000250  08 2b 06 01 05 05 07 30  02 86 25 68 74 74 70 3a  |.+.....0..%http:|
00000260  2f 2f 61 69 61 2e 77 6f  74 72 75 73 2e 63 6f 6d  |//aia.wotrus.com|
00000270  2f 77 73 2d 73 6d 32 2d  73 73 6c 33 2e 63 65 72  |/ws-sm2-ssl3.cer|
00000280  30 36 06 03 55 1d 1f 04  2f 30 2d 30 2b a0 29 a0  |06..U.../0-0+.).|
00000290  27 86 25 68 74 74 70 3a  2f 2f 63 72 6c 2e 77 6f  |'.%http://crl.wo|
000002a0  74 72 75 73 2e 63 6f 6d  2f 77 73 2d 73 6d 32 2d  |trus.com/ws-sm2-|
000002b0  73 73 6c 33 2e 63 72 6c  30 1b 06 03 55 1d 11 04  |ssl3.crl0...U...|
000002c0  14 30 12 82 10 73 6d 32  6f 6e 6c 79 2e 6f 76 73  |.0...sm2only.ovs|
000002d0  73 6c 2e 63 6e 30 58 06  03 55 1d 20 04 51 30 4f  |sl.cn0X..U. .Q0O|
000002e0  30 08 06 06 67 81 0c 01  02 02 30 09 06 07 2a 81  |0...g.....0...*.|
000002f0  1c 89 98 2a 0d 30 38 06  09 2a 81 1c 89 98 2a 03  |...*.08..*....*.|
00000300  01 03 30 2b 30 29 06 08  2b 06 01 05 05 07 02 01  |..0+0)..+.......|
00000310  16 1d 68 74 74 70 3a 2f  2f 77 77 77 2e 77 6f 74  |..http://www.wot|
00000320  72 75 73 2e 63 6f 6d 2f  70 6f 6c 69 63 79 2f 30  |rus.com/policy/0|
00000330  0a 06 08 2a 81 1c cf 55  01 83 75 03 49 00 30 46  |...*...U..u.I.0F|
00000340  02 21 00 fe d5 d0 89 2c  29 5c 71 b4 c1 19 aa 6b  |.!.....,)\q....k|
00000350  0a 18 97 90 81 db d8 ed  3c dd 44 9f 4e 8f 1b 89  |........<.D.N...|
00000360  d3 f7 b3 02 21 00 98 a2  6a 57 94 ac c2 ec 46 de  |....!...jW....F.|
00000370  65 53 dd ec 61 f8 22 94  0f d1 59 fa f9 dc 56 80  |eS..a."...Y...V.|
00000380  a1 65 1a 9f cd 22 00 03  7b 30 82 03 77 30 82 03  |.e..."..{0..w0..|
00000390  1d a0 03 02 01 02 02 10  19 29 94 d9 5a 2e 21 59  |.........)..Z.!Y|
000003a0  99 82 df c0 71 eb 4e dc  30 0a 06 08 2a 81 1c cf  |....q.N.0...*...|
000003b0  55 01 83 75 30 64 31 0b  30 09 06 03 55 04 06 13  |U..u0d1.0...U...|
000003c0  02 43 4e 31 2d 30 2b 06  03 55 04 0a 0c 24 e6 b2  |.CN1-0+..U...$..|
000003d0  83 e9 80 9a e7 94 b5 e5  ad 90 e8 ae a4 e8 af 81  |................|
000003e0  e6 9c 8d e5 8a a1 e6 9c  89 e9 99 90 e5 85 ac e5  |................|
000003f0  8f b8 31 26 30 24 06 03  55 04 03 0c 1d e5 9b bd  |..1&0$..U.......|
00000400  e5 af 86 53 4d 32 e6 9c  8d e5 8a a1 e5 99 a8 e6  |...SM2..........|
00000410  a0 b9 e8 af 81 e4 b9 a6  56 33 30 1e 17 0d 31 39  |........V30...19|
00000420  30 34 31 32 30 35 33 30  32 38 5a 17 0d 32 31 30  |0412053028Z..210|
00000430  34 31 32 30 33 33 39 35  33 5a 30 7f 31 0b 30 09  |412033953Z0.1.0.|
00000440  06 03 55 04 06 13 02 43  4e 31 12 30 10 06 03 55  |..U....CN1.0...U|
00000450  04 08 0c 09 e5 b9 bf e4  b8 9c e7 9c 81 31 12 30  |.............1.0|
00000460  10 06 03 55 04 07 0c 09  e6 b7 b1 e5 9c b3 e5 b8  |...U............|
00000470  82 31 2d 30 2b 06 03 55  04 0a 0c 24 e6 b2 83 e9  |.1-0+..U...$....|
00000480  80 9a e7 94 b5 e5 ad 90  e8 ae a4 e8 af 81 e6 9c  |................|
00000490  8d e5 8a a1 e6 9c 89 e9  99 90 e5 85 ac e5 8f b8  |................|
000004a0  31 19 30 17 06 03 55 04  03 0c 10 73 6d 32 6f 6e  |1.0...U....sm2on|
000004b0  6c 79 2e 6f 76 73 73 6c  2e 63 6e 30 59 30 13 06  |ly.ovssl.cn0Y0..|
000004c0  07 2a 86 48 ce 3d 02 01  06 08 2a 81 1c cf 55 01  |.*.H.=....*...U.|
000004d0  82 2d 03 42 00 04 c6 cc  b0 cb 4f 8c 20 00 04 0f  |.-.B......O. ...|
000004e0  0c ba cc 3a 40 d0 39 2d  92 f7 67 97 da ca 49 61  |...:@.9-..g...Ia|
000004f0  90 48 5b 6e 71 85 b6 b6  61 c3 a1 71 8e db 3b bb  |.H[nq...a..q..;.|
00000500  08 25 b7 fa 73 44 c8 05  25 d2 78 d4 61 a3 4f 5a  |.%..sD..%.x.a.OZ|
00000510  e2 5c 36 96 85 bf a3 82  01 94 30 82 01 90 30 0e  |.\6.......0...0.|
00000520  06 03 55 1d 0f 01 01 ff  04 04 03 02 05 20 30 1d  |..U.......... 0.|
00000530  06 03 55 1d 25 04 16 30  14 06 08 2b 06 01 05 05  |..U.%..0...+....|
00000540  07 03 01 06 08 2b 06 01  05 05 07 03 02 30 09 06  |.....+.......0..|
00000550  03 55 1d 13 04 02 30 00  30 1d 06 03 55 1d 0e 04  |.U....0.0...U...|
00000560  16 04 14 00 67 9b 96 d2  8c 9d d2 14 77 03 48 6a  |....g.......w.Hj|
00000570  af 90 97 d8 63 4b e5 30  1f 06 03 55 1d 23 04 18  |....cK.0...U.#..|
00000580  30 16 80 14 8e 86 68 b9  2c d8 ae cb 20 26 f6 5f  |0.....h.,... &._|
00000590  b6 3b 5a 5e ea 9b 99 66  30 65 06 08 2b 06 01 05  |.;Z^...f0e..+...|
000005a0  05 07 01 01 04 59 30 57  30 22 06 08 2b 06 01 05  |.....Y0W0"..+...|
000005b0  05 07 30 01 86 16 68 74  74 70 3a 2f 2f 6f 63 73  |..0...http://ocs|
000005c0  70 2e 77 6f 74 72 75 73  2e 63 6f 6d 30 31 06 08  |p.wotrus.com01..|
000005d0  2b 06 01 05 05 07 30 02  86 25 68 74 74 70 3a 2f  |+.....0..%http:/|
000005e0  2f 61 69 61 2e 77 6f 74  72 75 73 2e 63 6f 6d 2f  |/aia.wotrus.com/|
000005f0  77 73 2d 73 6d 32 2d 73  73 6c 33 2e 63 65 72 30  |ws-sm2-ssl3.cer0|
00000600  36 06 03 55 1d 1f 04 2f  30 2d 30 2b a0 29 a0 27  |6..U.../0-0+.).'|
00000610  86 25 68 74 74 70 3a 2f  2f 63 72 6c 2e 77 6f 74  |.%http://crl.wot|
00000620  72 75 73 2e 63 6f 6d 2f  77 73 2d 73 6d 32 2d 73  |rus.com/ws-sm2-s|
00000630  73 6c 33 2e 63 72 6c 30  1b 06 03 55 1d 11 04 14  |sl3.crl0...U....|
00000640  30 12 82 10 73 6d 32 6f  6e 6c 79 2e 6f 76 73 73  |0...sm2only.ovss|
00000650  6c 2e 63 6e 30 58 06 03  55 1d 20 04 51 30 4f 30  |l.cn0X..U. .Q0O0|
00000660  08 06 06 67 81 0c 01 02  02 30 09 06 07 2a 81 1c  |...g.....0...*..|
00000670  89 98 2a 0d 30 38 06 09  2a 81 1c 89 98 2a 03 01  |..*.08..*....*..|
00000680  03 30 2b 30 29 06 08 2b  06 01 05 05 07 02 01 16  |.0+0)..+........|
00000690  1d 68 74 74 70 3a 2f 2f  77 77 77 2e 77 6f 74 72  |.http://www.wotr|
000006a0  75 73 2e 63 6f 6d 2f 70  6f 6c 69 63 79 2f 30 0a  |us.com/policy/0.|
000006b0  06 08 2a 81 1c cf 55 01  83 75 03 48 00 30 45 02  |..*...U..u.H.0E.|
000006c0  20 09 b6 30 60 cc 9e 11  c1 21 c5 da a9 58 33 2f  | ..0`....!...X3/|
000006d0  ba 8c c2 d3 f0 0c 52 c7  a0 b8 ab 5d b0 78 a0 35  |......R....].x.5|
000006e0  70 02 21 00 9a c3 24 bd  ff 53 b7 7c d8 d1 cf e1  |p.!...$..S.|....|
000006f0  42 8d 64 22 f3 4d 1a d9  6e cf 93 e1 bd ad 03 73  |B.d".M..n......s|
00000700  06 5c 55 9d 00 03 2a 30  82 03 26 30 82 02 cb a0  |.\U...*0..&0....|
00000710  03 02 01 02 02 10 0b 82  eb 32 c6 cc 55 3c 17 29  |.........2..U<.)|
00000720  a0 8a 80 e9 30 94 30 0a  06 08 2a 81 1c cf 55 01  |....0.0...*...U.|
00000730  83 75 30 59 31 0b 30 09  06 03 55 04 06 13 02 43  |.u0Y1.0...U....C|
00000740  4e 31 2d 30 2b 06 03 55  04 0a 0c 24 e6 b2 83 e9  |N1-0+..U...$....|
00000750  80 9a e7 94 b5 e5 ad 90  e8 ae a4 e8 af 81 e6 9c  |................|
00000760  8d e5 8a a1 e6 9c 89 e9  99 90 e5 85 ac e5 8f b8  |................|
00000770  31 1b 30 19 06 03 55 04  03 0c 12 e5 9b bd e5 af  |1.0...U.........|
00000780  86 53 4d 32 e6 a0 b9 e8  af 81 e4 b9 a6 30 1e 17  |.SM2.........0..|
00000790  0d 31 39 30 34 30 34 30  36 31 38 31 38 5a 17 0d  |.190404061818Z..|
000007a0  33 34 30 34 30 34 30 36  31 38 31 38 5a 30 64 31  |340404061818Z0d1|
000007b0  0b 30 09 06 03 55 04 06  13 02 43 4e 31 2d 30 2b  |.0...U....CN1-0+|
000007c0  06 03 55 04 0a 0c 24 e6  b2 83 e9 80 9a e7 94 b5  |..U...$.........|
000007d0  e5 ad 90 e8 ae a4 e8 af  81 e6 9c 8d e5 8a a1 e6  |................|
000007e0  9c 89 e9 99 90 e5 85 ac  e5 8f b8 31 26 30 24 06  |...........1&0$.|
000007f0  03 55 04 03 0c 1d e5 9b  bd e5 af 86 53 4d 32 e6  |.U..........SM2.|
00000800  9c 8d e5 8a a1 e5 99 a8  e6 a0 b9 e8 af 81 e4 b9  |................|
00000810  a6 56 33 30 59 30 13 06  07 2a 86 48 ce 3d 02 01  |.V30Y0...*.H.=..|
00000820  06 08 2a 81 1c cf 55 01  82 2d 03 42 00 04 ef a4  |..*...U..-.B....|
00000830  b6 c1 2d b0 9f 35 5a b2  8d 84 86 90 29 f4 02 eb  |..-..5Z.....)...|
00000840  25 69 01 b1 c0 64 a6 e9  cc 10 1b f0 24 0c 16 9d  |%i...d......$...|
00000850  61 bd 4b 06 9e 7d 7a a7  8e 3d 44 06 26 72 49 89  |a.K..}z..=D.&rI.|
00000860  d4 97 86 47 46 c5 b1 5c  28 1c 2f 07 4b 9f a3 82  |...GF..\(./.K...|
00000870  01 68 30 82 01 64 30 1f  06 03 55 1d 23 04 18 30  |.h0..d0...U.#..0|
00000880  16 80 14 31 b8 15 87 4c  cc 37 97 3a ed ef 4d 91  |...1...L.7.:..M.|
00000890  4a 2b ad 0b 35 76 20 30  1d 06 03 55 1d 0e 04 16  |J+..5v 0...U....|
000008a0  04 14 8e 86 68 b9 2c d8  ae cb 20 26 f6 5f b6 3b  |....h.,... &._.;|
000008b0  5a 5e ea 9b 99 66 30 35  06 03 55 1d 1f 04 2e 30  |Z^...f05..U....0|
000008c0  2c 30 2a a0 28 a0 26 86  24 68 74 74 70 3a 2f 2f  |,0*.(.&.$http://|
000008d0  63 72 6c 2e 77 6f 74 72  75 73 2e 63 6f 6d 2f 77  |crl.wotrus.com/w|
000008e0  6f 74 72 75 73 2d 73 6d  32 2e 63 72 6c 30 64 06  |otrus-sm2.crl0d.|
000008f0  08 2b 06 01 05 05 07 01  01 04 58 30 56 30 22 06  |.+........X0V0".|
00000900  08 2b 06 01 05 05 07 30  01 86 16 68 74 74 70 3a  |.+.....0...http:|
00000910  2f 2f 6f 63 73 70 2e 77  6f 74 72 75 73 2e 63 6f  |//ocsp.wotrus.co|
00000920  6d 30 30 06 08 2b 06 01  05 05 07 30 02 86 24 68  |m00..+.....0..$h|
00000930  74 74 70 3a 2f 2f 61 69  61 2e 77 6f 74 72 75 73  |ttp://aia.wotrus|
00000940  2e 63 6f 6d 2f 77 6f 74  72 75 73 2d 73 6d 32 2e  |.com/wotrus-sm2.|
00000950  63 65 72 30 42 06 03 55  1d 20 04 3b 30 39 30 37  |cer0B..U. .;0907|
00000960  06 08 2a 81 1c 89 98 2a  03 01 30 2b 30 29 06 08  |..*....*..0+0)..|
00000970  2b 06 01 05 05 07 02 01  16 1d 68 74 74 70 3a 2f  |+.........http:/|
00000980  2f 77 77 77 2e 77 6f 74  72 75 73 2e 63 6f 6d 2f  |/www.wotrus.com/|
00000990  70 6f 6c 69 63 79 2f 30  12 06 03 55 1d 13 01 01  |policy/0...U....|
000009a0  ff 04 08 30 06 01 01 ff  02 01 00 30 0e 06 03 55  |...0.......0...U|
000009b0  1d 0f 01 01 ff 04 04 03  02 01 06 30 1d 06 03 55  |...........0...U|
000009c0  1d 25 04 16 30 14 06 08  2b 06 01 05 05 07 03 01  |.%..0...+.......|
000009d0  06 08 2b 06 01 05 05 07  03 02 30 0a 06 08 2a 81  |..+.......0...*.|
000009e0  1c cf 55 01 83 75 03 49  00 30 46 02 21 00 bf 0c  |..U..u.I.0F.!...|
000009f0  63 c0 3d 07 80 46 cf fe  4f 1b cc 7d 33 62 4c 58  |c.=..F..O..}3bLX|
00000a00  e0 bc a5 76 d5 da f0 cd  dc 7b 02 2a 9d 58 02 21  |...v.....{.*.X.!|
00000a10  00 8e 18 68 64 a8 a9 d5  5c 94 e2 18 33 31 af 6c  |...hd...\...31.l|
00000a20  bf 76 a4 8e 21 85 2f 39  05 24 62 d1 76 58 42 bc  |.v..!./9.$b.vXB.|
00000a30  ee 00 01 f8 30 82 01 f4  30 82 01 99 a0 03 02 01  |....0...0.......|
00000a40  02 02 11 00 81 c3 54 bd  60 b9 2c bb 5e 81 55 a3  |......T.`.,.^.U.|
00000a50  42 38 fa d4 30 0a 06 08  2a 81 1c cf 55 01 83 75  |B8..0...*...U..u|
00000a60  30 59 31 0b 30 09 06 03  55 04 06 13 02 43 4e 31  |0Y1.0...U....CN1|
00000a70  2d 30 2b 06 03 55 04 0a  0c 24 e6 b2 83 e9 80 9a  |-0+..U...$......|
00000a80  e7 94 b5 e5 ad 90 e8 ae  a4 e8 af 81 e6 9c 8d e5  |................|
00000a90  8a a1 e6 9c 89 e9 99 90  e5 85 ac e5 8f b8 31 1b  |..............1.|
00000aa0  30 19 06 03 55 04 03 0c  12 e5 9b bd e5 af 86 53  |0...U..........S|
00000ab0  4d 32 e6 a0 b9 e8 af 81  e4 b9 a6 30 1e 17 0d 31  |M2.........0...1|
00000ac0  39 30 34 30 34 30 36 31  36 31 36 5a 17 0d 34 34  |90404061616Z..44|
00000ad0  30 34 30 34 30 36 31 36  31 36 5a 30 59 31 0b 30  |0404061616Z0Y1.0|
00000ae0  09 06 03 55 04 06 13 02  43 4e 31 2d 30 2b 06 03  |...U....CN1-0+..|
00000af0  55 04 0a 0c 24 e6 b2 83  e9 80 9a e7 94 b5 e5 ad  |U...$...........|
00000b00  90 e8 ae a4 e8 af 81 e6  9c 8d e5 8a a1 e6 9c 89  |................|
00000b10  e9 99 90 e5 85 ac e5 8f  b8 31 1b 30 19 06 03 55  |.........1.0...U|
00000b20  04 03 0c 12 e5 9b bd e5  af 86 53 4d 32 e6 a0 b9  |..........SM2...|
00000b30  e8 af 81 e4 b9 a6 30 59  30 13 06 07 2a 86 48 ce  |......0Y0...*.H.|
00000b40  3d 02 01 06 08 2a 81 1c  cf 55 01 82 2d 03 42 00  |=....*...U..-.B.|
00000b50  04 1b 68 b0 41 69 9d b0  8e fe 33 30 16 ac b7 6b  |..h.Ai....30...k|
00000b60  1f 89 c4 cd be 2a d9 48  f2 fd 06 c6 ae 5a ae 7b  |.....*.H.....Z.{|
00000b70  be 22 79 81 44 23 9c 55  d4 9f 3f 46 a3 c7 d6 7f  |."y.D#.U..?F....|
00000b80  43 f0 10 73 cd e6 2e bf  d9 87 26 96 20 07 a8 d7  |C..s......&. ...|
00000b90  a2 a3 42 30 40 30 1d 06  03 55 1d 0e 04 16 04 14  |..B0@0...U......|
00000ba0  31 b8 15 87 4c cc 37 97  3a ed ef 4d 91 4a 2b ad  |1...L.7.:..M.J+.|
00000bb0  0b 35 76 20 30 0f 06 03  55 1d 13 01 01 ff 04 05  |.5v 0...U.......|
00000bc0  30 03 01 01 ff 30 0e 06  03 55 1d 0f 01 01 ff 04  |0....0...U......|
00000bd0  04 03 02 01 06 30 0a 06  08 2a 81 1c cf 55 01 83  |.....0...*...U..|
00000be0  75 03 49 00 30 46 02 21  00 ac a1 b6 30 e0 fd 57  |u.I.0F.!....0..W|
00000bf0  6d 2b 8b c6 fa 11 dd 14  e1 8e ff 8e 2d 41 dd a0  |m+..........-A..|
00000c00  67 71 4e d6 5d bf a8 da  c8 02 21 00 b0 41 f2 c7  |gqN.].....!..A..|
00000c10  0d 9a d3 60 c8 45 2d d7  3e 78 81 ab 10 6f c3 a2  |...`.E-.>x...o..|
00000c20  09 91 0f 21 d4 59 04 34  76 18 8e c0              |...!.Y.4v...|

2020-10-26 17:11:53.424 [errors.go:59][New][Error] tls: unexpected ServerKeyExchange Verify Not Pass
2020-10-26 17:11:53.424 [main.go:58][gmclient_echo][Info] Dial ERR->tls: unexpected ServerKeyExchange Verify Not Pass
2020-10-26 20:21:49.78 [handshake_client.go:189][clientHandshake][Info] 
001->>>>>>>>>>> Client hello Msg >>>>>>>>>>>>>>>>>>>>>
00000000  01 00 00 29 01 01 9b 92  bc ee a6 46 56 98 d2 b3  |...).......FV...|
00000010  a0 5f 46 57 2c e9 da f2  e8 d7 4e fa 49 ce dc f7  |._FW,.....N.I...|
00000020  d1 15 c4 4b 46 df 00 00  02 e0 13 01 00           |...KF........|

2020-10-26 20:21:49.812 [handshake_client.go:205][clientHandshake][Info] 
002-<<<<<<<<<<< Server Hello Msg <<<<<<<<<<<<<<<<<
00000000  02 00 00 46 01 01 78 26  a6 be 89 05 85 de 2f f7  |...F..x&....../.|
00000010  f2 98 7a 97 bc 26 f0 3c  32 13 f2 54 19 fd b0 f9  |..z..&.<2..T....|
00000020  8e 3d e8 91 fc f6 20 f4  ba 2f 2f 8e 3b 75 f3 17  |.=.... ..//.;u..|
00000030  4f 01 2b 65 3a 71 e4 ff  1d 47 bb 2f c7 13 71 75  |O.+e:q...G./..qu|
00000040  d5 90 d4 80 f7 96 fb e0  13 00                    |..........|

2020-10-26 20:21:49.812 [handshake_client.go:324][doFullHandshake][Info] 
003-<<<<<<<<<<< Server Certificates <<<<<<<<<<<<<<<<<+
00000000  0b 00 0c 28 00 0c 25 00  03 7c 30 82 03 78 30 82  |...(..%..|0..x0.|
00000010  03 1d a0 03 02 01 02 02  10 4b 73 f7 e7 93 2a 4c  |.........Ks...*L|
00000020  d4 38 b7 4b 80 f0 bc 4b  01 30 0a 06 08 2a 81 1c  |.8.K...K.0...*..|
00000030  cf 55 01 83 75 30 64 31  0b 30 09 06 03 55 04 06  |.U..u0d1.0...U..|
00000040  13 02 43 4e 31 2d 30 2b  06 03 55 04 0a 0c 24 e6  |..CN1-0+..U...$.|
00000050  b2 83 e9 80 9a e7 94 b5  e5 ad 90 e8 ae a4 e8 af  |................|
00000060  81 e6 9c 8d e5 8a a1 e6  9c 89 e9 99 90 e5 85 ac  |................|
00000070  e5 8f b8 31 26 30 24 06  03 55 04 03 0c 1d e5 9b  |...1&0$..U......|
00000080  bd e5 af 86 53 4d 32 e6  9c 8d e5 8a a1 e5 99 a8  |....SM2.........|
00000090  e6 a0 b9 e8 af 81 e4 b9  a6 56 33 30 1e 17 0d 31  |.........V30...1|
000000a0  39 30 34 31 32 30 35 33  30 34 31 5a 17 0d 32 31  |90412053041Z..21|
000000b0  30 34 31 32 30 33 33 39  35 33 5a 30 7f 31 0b 30  |0412033953Z0.1.0|
000000c0  09 06 03 55 04 06 13 02  43 4e 31 12 30 10 06 03  |...U....CN1.0...|
000000d0  55 04 08 0c 09 e5 b9 bf  e4 b8 9c e7 9c 81 31 12  |U.............1.|
000000e0  30 10 06 03 55 04 07 0c  09 e6 b7 b1 e5 9c b3 e5  |0...U...........|
000000f0  b8 82 31 2d 30 2b 06 03  55 04 0a 0c 24 e6 b2 83  |..1-0+..U...$...|
00000100  e9 80 9a e7 94 b5 e5 ad  90 e8 ae a4 e8 af 81 e6  |................|
00000110  9c 8d e5 8a a1 e6 9c 89  e9 99 90 e5 85 ac e5 8f  |................|
00000120  b8 31 19 30 17 06 03 55  04 03 0c 10 73 6d 32 6f  |.1.0...U....sm2o|
00000130  6e 6c 79 2e 6f 76 73 73  6c 2e 63 6e 30 59 30 13  |nly.ovssl.cn0Y0.|
00000140  06 07 2a 86 48 ce 3d 02  01 06 08 2a 81 1c cf 55  |..*.H.=....*...U|
00000150  01 82 2d 03 42 00 04 f3  58 5b c2 71 ca 09 cc a4  |..-.B...X[.q....|
00000160  02 38 d1 6d 3b 32 df f4  e3 9e 83 76 90 24 46 86  |.8.m;2.....v.$F.|
00000170  b9 dd ef f3 26 79 ab 8d  a3 e8 f9 08 a4 37 fb a2  |....&y.......7..|
00000180  83 82 75 6f 21 05 e9 d1  3a 06 a3 4d 22 f9 83 ec  |..uo!...:..M"...|
00000190  24 0f 78 0e 4f f0 5d a3  82 01 94 30 82 01 90 30  |$.x.O.]....0...0|
000001a0  0e 06 03 55 1d 0f 01 01  ff 04 04 03 02 07 80 30  |...U...........0|
000001b0  1d 06 03 55 1d 25 04 16  30 14 06 08 2b 06 01 05  |...U.%..0...+...|
000001c0  05 07 03 01 06 08 2b 06  01 05 05 07 03 02 30 09  |......+.......0.|
000001d0  06 03 55 1d 13 04 02 30  00 30 1d 06 03 55 1d 0e  |..U....0.0...U..|
000001e0  04 16 04 14 ad ef cf 5e  e9 2a c6 23 56 34 71 1e  |.......^.*.#V4q.|
000001f0  83 ce 1d f0 f5 aa 54 81  30 1f 06 03 55 1d 23 04  |......T.0...U.#.|
00000200  18 30 16 80 14 8e 86 68  b9 2c d8 ae cb 20 26 f6  |.0.....h.,... &.|
00000210  5f b6 3b 5a 5e ea 9b 99  66 30 65 06 08 2b 06 01  |_.;Z^...f0e..+..|
00000220  05 05 07 01 01 04 59 30  57 30 22 06 08 2b 06 01  |......Y0W0"..+..|
00000230  05 05 07 30 01 86 16 68  74 74 70 3a 2f 2f 6f 63  |...0...http://oc|
00000240  73 70 2e 77 6f 74 72 75  73 2e 63 6f 6d 30 31 06  |sp.wotrus.com01.|
00000250  08 2b 06 01 05 05 07 30  02 86 25 68 74 74 70 3a  |.+.....0..%http:|
00000260  2f 2f 61 69 61 2e 77 6f  74 72 75 73 2e 63 6f 6d  |//aia.wotrus.com|
00000270  2f 77 73 2d 73 6d 32 2d  73 73 6c 33 2e 63 65 72  |/ws-sm2-ssl3.cer|
00000280  30 36 06 03 55 1d 1f 04  2f 30 2d 30 2b a0 29 a0  |06..U.../0-0+.).|
00000290  27 86 25 68 74 74 70 3a  2f 2f 63 72 6c 2e 77 6f  |'.%http://crl.wo|
000002a0  74 72 75 73 2e 63 6f 6d  2f 77 73 2d 73 6d 32 2d  |trus.com/ws-sm2-|
000002b0  73 73 6c 33 2e 63 72 6c  30 1b 06 03 55 1d 11 04  |ssl3.crl0...U...|
000002c0  14 30 12 82 10 73 6d 32  6f 6e 6c 79 2e 6f 76 73  |.0...sm2only.ovs|
000002d0  73 6c 2e 63 6e 30 58 06  03 55 1d 20 04 51 30 4f  |sl.cn0X..U. .Q0O|
000002e0  30 08 06 06 67 81 0c 01  02 02 30 09 06 07 2a 81  |0...g.....0...*.|
000002f0  1c 89 98 2a 0d 30 38 06  09 2a 81 1c 89 98 2a 03  |...*.08..*....*.|
00000300  01 03 30 2b 30 29 06 08  2b 06 01 05 05 07 02 01  |..0+0)..+.......|
00000310  16 1d 68 74 74 70 3a 2f  2f 77 77 77 2e 77 6f 74  |..http://www.wot|
00000320  72 75 73 2e 63 6f 6d 2f  70 6f 6c 69 63 79 2f 30  |rus.com/policy/0|
00000330  0a 06 08 2a 81 1c cf 55  01 83 75 03 49 00 30 46  |...*...U..u.I.0F|
00000340  02 21 00 fe d5 d0 89 2c  29 5c 71 b4 c1 19 aa 6b  |.!.....,)\q....k|
00000350  0a 18 97 90 81 db d8 ed  3c dd 44 9f 4e 8f 1b 89  |........<.D.N...|
00000360  d3 f7 b3 02 21 00 98 a2  6a 57 94 ac c2 ec 46 de  |....!...jW....F.|
00000370  65 53 dd ec 61 f8 22 94  0f d1 59 fa f9 dc 56 80  |eS..a."...Y...V.|
00000380  a1 65 1a 9f cd 22 00 03  7b 30 82 03 77 30 82 03  |.e..."..{0..w0..|
00000390  1d a0 03 02 01 02 02 10  19 29 94 d9 5a 2e 21 59  |.........)..Z.!Y|
000003a0  99 82 df c0 71 eb 4e dc  30 0a 06 08 2a 81 1c cf  |....q.N.0...*...|
000003b0  55 01 83 75 30 64 31 0b  30 09 06 03 55 04 06 13  |U..u0d1.0...U...|
000003c0  02 43 4e 31 2d 30 2b 06  03 55 04 0a 0c 24 e6 b2  |.CN1-0+..U...$..|
000003d0  83 e9 80 9a e7 94 b5 e5  ad 90 e8 ae a4 e8 af 81  |................|
000003e0  e6 9c 8d e5 8a a1 e6 9c  89 e9 99 90 e5 85 ac e5  |................|
000003f0  8f b8 31 26 30 24 06 03  55 04 03 0c 1d e5 9b bd  |..1&0$..U.......|
00000400  e5 af 86 53 4d 32 e6 9c  8d e5 8a a1 e5 99 a8 e6  |...SM2..........|
00000410  a0 b9 e8 af 81 e4 b9 a6  56 33 30 1e 17 0d 31 39  |........V30...19|
00000420  30 34 31 32 30 35 33 30  32 38 5a 17 0d 32 31 30  |0412053028Z..210|
00000430  34 31 32 30 33 33 39 35  33 5a 30 7f 31 0b 30 09  |412033953Z0.1.0.|
00000440  06 03 55 04 06 13 02 43  4e 31 12 30 10 06 03 55  |..U....CN1.0...U|
00000450  04 08 0c 09 e5 b9 bf e4  b8 9c e7 9c 81 31 12 30  |.............1.0|
00000460  10 06 03 55 04 07 0c 09  e6 b7 b1 e5 9c b3 e5 b8  |...U............|
00000470  82 31 2d 30 2b 06 03 55  04 0a 0c 24 e6 b2 83 e9  |.1-0+..U...$....|
00000480  80 9a e7 94 b5 e5 ad 90  e8 ae a4 e8 af 81 e6 9c  |................|
00000490  8d e5 8a a1 e6 9c 89 e9  99 90 e5 85 ac e5 8f b8  |................|
000004a0  31 19 30 17 06 03 55 04  03 0c 10 73 6d 32 6f 6e  |1.0...U....sm2on|
000004b0  6c 79 2e 6f 76 73 73 6c  2e 63 6e 30 59 30 13 06  |ly.ovssl.cn0Y0..|
000004c0  07 2a 86 48 ce 3d 02 01  06 08 2a 81 1c cf 55 01  |.*.H.=....*...U.|
000004d0  82 2d 03 42 00 04 c6 cc  b0 cb 4f 8c 20 00 04 0f  |.-.B......O. ...|
000004e0  0c ba cc 3a 40 d0 39 2d  92 f7 67 97 da ca 49 61  |...:@.9-..g...Ia|
000004f0  90 48 5b 6e 71 85 b6 b6  61 c3 a1 71 8e db 3b bb  |.H[nq...a..q..;.|
00000500  08 25 b7 fa 73 44 c8 05  25 d2 78 d4 61 a3 4f 5a  |.%..sD..%.x.a.OZ|
00000510  e2 5c 36 96 85 bf a3 82  01 94 30 82 01 90 30 0e  |.\6.......0...0.|
00000520  06 03 55 1d 0f 01 01 ff  04 04 03 02 05 20 30 1d  |..U.......... 0.|
00000530  06 03 55 1d 25 04 16 30  14 06 08 2b 06 01 05 05  |..U.%..0...+....|
00000540  07 03 01 06 08 2b 06 01  05 05 07 03 02 30 09 06  |.....+.......0..|
00000550  03 55 1d 13 04 02 30 00  30 1d 06 03 55 1d 0e 04  |.U....0.0...U...|
00000560  16 04 14 00 67 9b 96 d2  8c 9d d2 14 77 03 48 6a  |....g.......w.Hj|
00000570  af 90 97 d8 63 4b e5 30  1f 06 03 55 1d 23 04 18  |....cK.0...U.#..|
00000580  30 16 80 14 8e 86 68 b9  2c d8 ae cb 20 26 f6 5f  |0.....h.,... &._|
00000590  b6 3b 5a 5e ea 9b 99 66  30 65 06 08 2b 06 01 05  |.;Z^...f0e..+...|
000005a0  05 07 01 01 04 59 30 57  30 22 06 08 2b 06 01 05  |.....Y0W0"..+...|
000005b0  05 07 30 01 86 16 68 74  74 70 3a 2f 2f 6f 63 73  |..0...http://ocs|
000005c0  70 2e 77 6f 74 72 75 73  2e 63 6f 6d 30 31 06 08  |p.wotrus.com01..|
000005d0  2b 06 01 05 05 07 30 02  86 25 68 74 74 70 3a 2f  |+.....0..%http:/|
000005e0  2f 61 69 61 2e 77 6f 74  72 75 73 2e 63 6f 6d 2f  |/aia.wotrus.com/|
000005f0  77 73 2d 73 6d 32 2d 73  73 6c 33 2e 63 65 72 30  |ws-sm2-ssl3.cer0|
00000600  36 06 03 55 1d 1f 04 2f  30 2d 30 2b a0 29 a0 27  |6..U.../0-0+.).'|
00000610  86 25 68 74 74 70 3a 2f  2f 63 72 6c 2e 77 6f 74  |.%http://crl.wot|
00000620  72 75 73 2e 63 6f 6d 2f  77 73 2d 73 6d 32 2d 73  |rus.com/ws-sm2-s|
00000630  73 6c 33 2e 63 72 6c 30  1b 06 03 55 1d 11 04 14  |sl3.crl0...U....|
00000640  30 12 82 10 73 6d 32 6f  6e 6c 79 2e 6f 76 73 73  |0...sm2only.ovss|
00000650  6c 2e 63 6e 30 58 06 03  55 1d 20 04 51 30 4f 30  |l.cn0X..U. .Q0O0|
00000660  08 06 06 67 81 0c 01 02  02 30 09 06 07 2a 81 1c  |...g.....0...*..|
00000670  89 98 2a 0d 30 38 06 09  2a 81 1c 89 98 2a 03 01  |..*.08..*....*..|
00000680  03 30 2b 30 29 06 08 2b  06 01 05 05 07 02 01 16  |.0+0)..+........|
00000690  1d 68 74 74 70 3a 2f 2f  77 77 77 2e 77 6f 74 72  |.http://www.wotr|
000006a0  75 73 2e 63 6f 6d 2f 70  6f 6c 69 63 79 2f 30 0a  |us.com/policy/0.|
000006b0  06 08 2a 81 1c cf 55 01  83 75 03 48 00 30 45 02  |..*...U..u.H.0E.|
000006c0  20 09 b6 30 60 cc 9e 11  c1 21 c5 da a9 58 33 2f  | ..0`....!...X3/|
000006d0  ba 8c c2 d3 f0 0c 52 c7  a0 b8 ab 5d b0 78 a0 35  |......R....].x.5|
000006e0  70 02 21 00 9a c3 24 bd  ff 53 b7 7c d8 d1 cf e1  |p.!...$..S.|....|
000006f0  42 8d 64 22 f3 4d 1a d9  6e cf 93 e1 bd ad 03 73  |B.d".M..n......s|
00000700  06 5c 55 9d 00 03 2a 30  82 03 26 30 82 02 cb a0  |.\U...*0..&0....|
00000710  03 02 01 02 02 10 0b 82  eb 32 c6 cc 55 3c 17 29  |.........2..U<.)|
00000720  a0 8a 80 e9 30 94 30 0a  06 08 2a 81 1c cf 55 01  |....0.0...*...U.|
00000730  83 75 30 59 31 0b 30 09  06 03 55 04 06 13 02 43  |.u0Y1.0...U....C|
00000740  4e 31 2d 30 2b 06 03 55  04 0a 0c 24 e6 b2 83 e9  |N1-0+..U...$....|
00000750  80 9a e7 94 b5 e5 ad 90  e8 ae a4 e8 af 81 e6 9c  |................|
00000760  8d e5 8a a1 e6 9c 89 e9  99 90 e5 85 ac e5 8f b8  |................|
00000770  31 1b 30 19 06 03 55 04  03 0c 12 e5 9b bd e5 af  |1.0...U.........|
00000780  86 53 4d 32 e6 a0 b9 e8  af 81 e4 b9 a6 30 1e 17  |.SM2.........0..|
00000790  0d 31 39 30 34 30 34 30  36 31 38 31 38 5a 17 0d  |.190404061818Z..|
000007a0  33 34 30 34 30 34 30 36  31 38 31 38 5a 30 64 31  |340404061818Z0d1|
000007b0  0b 30 09 06 03 55 04 06  13 02 43 4e 31 2d 30 2b  |.0...U....CN1-0+|
000007c0  06 03 55 04 0a 0c 24 e6  b2 83 e9 80 9a e7 94 b5  |..U...$.........|
000007d0  e5 ad 90 e8 ae a4 e8 af  81 e6 9c 8d e5 8a a1 e6  |................|
000007e0  9c 89 e9 99 90 e5 85 ac  e5 8f b8 31 26 30 24 06  |...........1&0$.|
000007f0  03 55 04 03 0c 1d e5 9b  bd e5 af 86 53 4d 32 e6  |.U..........SM2.|
00000800  9c 8d e5 8a a1 e5 99 a8  e6 a0 b9 e8 af 81 e4 b9  |................|
00000810  a6 56 33 30 59 30 13 06  07 2a 86 48 ce 3d 02 01  |.V30Y0...*.H.=..|
00000820  06 08 2a 81 1c cf 55 01  82 2d 03 42 00 04 ef a4  |..*...U..-.B....|
00000830  b6 c1 2d b0 9f 35 5a b2  8d 84 86 90 29 f4 02 eb  |..-..5Z.....)...|
00000840  25 69 01 b1 c0 64 a6 e9  cc 10 1b f0 24 0c 16 9d  |%i...d......$...|
00000850  61 bd 4b 06 9e 7d 7a a7  8e 3d 44 06 26 72 49 89  |a.K..}z..=D.&rI.|
00000860  d4 97 86 47 46 c5 b1 5c  28 1c 2f 07 4b 9f a3 82  |...GF..\(./.K...|
00000870  01 68 30 82 01 64 30 1f  06 03 55 1d 23 04 18 30  |.h0..d0...U.#..0|
00000880  16 80 14 31 b8 15 87 4c  cc 37 97 3a ed ef 4d 91  |...1...L.7.:..M.|
00000890  4a 2b ad 0b 35 76 20 30  1d 06 03 55 1d 0e 04 16  |J+..5v 0...U....|
000008a0  04 14 8e 86 68 b9 2c d8  ae cb 20 26 f6 5f b6 3b  |....h.,... &._.;|
000008b0  5a 5e ea 9b 99 66 30 35  06 03 55 1d 1f 04 2e 30  |Z^...f05..U....0|
000008c0  2c 30 2a a0 28 a0 26 86  24 68 74 74 70 3a 2f 2f  |,0*.(.&.$http://|
000008d0  63 72 6c 2e 77 6f 74 72  75 73 2e 63 6f 6d 2f 77  |crl.wotrus.com/w|
000008e0  6f 74 72 75 73 2d 73 6d  32 2e 63 72 6c 30 64 06  |otrus-sm2.crl0d.|
000008f0  08 2b 06 01 05 05 07 01  01 04 58 30 56 30 22 06  |.+........X0V0".|
00000900  08 2b 06 01 05 05 07 30  01 86 16 68 74 74 70 3a  |.+.....0...http:|
00000910  2f 2f 6f 63 73 70 2e 77  6f 74 72 75 73 2e 63 6f  |//ocsp.wotrus.co|
00000920  6d 30 30 06 08 2b 06 01  05 05 07 30 02 86 24 68  |m00..+.....0..$h|
00000930  74 74 70 3a 2f 2f 61 69  61 2e 77 6f 74 72 75 73  |ttp://aia.wotrus|
00000940  2e 63 6f 6d 2f 77 6f 74  72 75 73 2d 73 6d 32 2e  |.com/wotrus-sm2.|
00000950  63 65 72 30 42 06 03 55  1d 20 04 3b 30 39 30 37  |cer0B..U. .;0907|
00000960  06 08 2a 81 1c 89 98 2a  03 01 30 2b 30 29 06 08  |..*....*..0+0)..|
00000970  2b 06 01 05 05 07 02 01  16 1d 68 74 74 70 3a 2f  |+.........http:/|
00000980  2f 77 77 77 2e 77 6f 74  72 75 73 2e 63 6f 6d 2f  |/www.wotrus.com/|
00000990  70 6f 6c 69 63 79 2f 30  12 06 03 55 1d 13 01 01  |policy/0...U....|
000009a0  ff 04 08 30 06 01 01 ff  02 01 00 30 0e 06 03 55  |...0.......0...U|
000009b0  1d 0f 01 01 ff 04 04 03  02 01 06 30 1d 06 03 55  |...........0...U|
000009c0  1d 25 04 16 30 14 06 08  2b 06 01 05 05 07 03 01  |.%..0...+.......|
000009d0  06 08 2b 06 01 05 05 07  03 02 30 0a 06 08 2a 81  |..+.......0...*.|
000009e0  1c cf 55 01 83 75 03 49  00 30 46 02 21 00 bf 0c  |..U..u.I.0F.!...|
000009f0  63 c0 3d 07 80 46 cf fe  4f 1b cc 7d 33 62 4c 58  |c.=..F..O..}3bLX|
00000a00  e0 bc a5 76 d5 da f0 cd  dc 7b 02 2a 9d 58 02 21  |...v.....{.*.X.!|
00000a10  00 8e 18 68 64 a8 a9 d5  5c 94 e2 18 33 31 af 6c  |...hd...\...31.l|
00000a20  bf 76 a4 8e 21 85 2f 39  05 24 62 d1 76 58 42 bc  |.v..!./9.$b.vXB.|
00000a30  ee 00 01 f8 30 82 01 f4  30 82 01 99 a0 03 02 01  |....0...0.......|
00000a40  02 02 11 00 81 c3 54 bd  60 b9 2c bb 5e 81 55 a3  |......T.`.,.^.U.|
00000a50  42 38 fa d4 30 0a 06 08  2a 81 1c cf 55 01 83 75  |B8..0...*...U..u|
00000a60  30 59 31 0b 30 09 06 03  55 04 06 13 02 43 4e 31  |0Y1.0...U....CN1|
00000a70  2d 30 2b 06 03 55 04 0a  0c 24 e6 b2 83 e9 80 9a  |-0+..U...$......|
00000a80  e7 94 b5 e5 ad 90 e8 ae  a4 e8 af 81 e6 9c 8d e5  |................|
00000a90  8a a1 e6 9c 89 e9 99 90  e5 85 ac e5 8f b8 31 1b  |..............1.|
00000aa0  30 19 06 03 55 04 03 0c  12 e5 9b bd e5 af 86 53  |0...U..........S|
00000ab0  4d 32 e6 a0 b9 e8 af 81  e4 b9 a6 30 1e 17 0d 31  |M2.........0...1|
00000ac0  39 30 34 30 34 30 36 31  36 31 36 5a 17 0d 34 34  |90404061616Z..44|
00000ad0  30 34 30 34 30 36 31 36  31 36 5a 30 59 31 0b 30  |0404061616Z0Y1.0|
00000ae0  09 06 03 55 04 06 13 02  43 4e 31 2d 30 2b 06 03  |...U....CN1-0+..|
00000af0  55 04 0a 0c 24 e6 b2 83  e9 80 9a e7 94 b5 e5 ad  |U...$...........|
00000b00  90 e8 ae a4 e8 af 81 e6  9c 8d e5 8a a1 e6 9c 89  |................|
00000b10  e9 99 90 e5 85 ac e5 8f  b8 31 1b 30 19 06 03 55  |.........1.0...U|
00000b20  04 03 0c 12 e5 9b bd e5  af 86 53 4d 32 e6 a0 b9  |..........SM2...|
00000b30  e8 af 81 e4 b9 a6 30 59  30 13 06 07 2a 86 48 ce  |......0Y0...*.H.|
00000b40  3d 02 01 06 08 2a 81 1c  cf 55 01 82 2d 03 42 00  |=....*...U..-.B.|
00000b50  04 1b 68 b0 41 69 9d b0  8e fe 33 30 16 ac b7 6b  |..h.Ai....30...k|
00000b60  1f 89 c4 cd be 2a d9 48  f2 fd 06 c6 ae 5a ae 7b  |.....*.H.....Z.{|
00000b70  be 22 79 81 44 23 9c 55  d4 9f 3f 46 a3 c7 d6 7f  |."y.D#.U..?F....|
00000b80  43 f0 10 73 cd e6 2e bf  d9 87 26 96 20 07 a8 d7  |C..s......&. ...|
00000b90  a2 a3 42 30 40 30 1d 06  03 55 1d 0e 04 16 04 14  |..B0@0...U......|
00000ba0  31 b8 15 87 4c cc 37 97  3a ed ef 4d 91 4a 2b ad  |1...L.7.:..M.J+.|
00000bb0  0b 35 76 20 30 0f 06 03  55 1d 13 01 01 ff 04 05  |.5v 0...U.......|
00000bc0  30 03 01 01 ff 30 0e 06  03 55 1d 0f 01 01 ff 04  |0....0...U......|
00000bd0  04 03 02 01 06 30 0a 06  08 2a 81 1c cf 55 01 83  |.....0...*...U..|
00000be0  75 03 49 00 30 46 02 21  00 ac a1 b6 30 e0 fd 57  |u.I.0F.!....0..W|
00000bf0  6d 2b 8b c6 fa 11 dd 14  e1 8e ff 8e 2d 41 dd a0  |m+..........-A..|
00000c00  67 71 4e d6 5d bf a8 da  c8 02 21 00 b0 41 f2 c7  |gqN.].....!..A..|
00000c10  0d 9a d3 60 c8 45 2d d7  3e 78 81 ab 10 6f c3 a2  |...`.E-.>x...o..|
00000c20  09 91 0f 21 d4 59 04 34  76 18 8e c0              |...!.Y.4v...|

2020-10-26 20:21:49.818 [errors.go:59][New][Error] tls: unexpected ServerKeyExchange Verify Not Pass
2020-10-26 20:21:49.818 [main.go:57][gmclient_echo][Info] Dial ERR->tls: unexpected ServerKeyExchange Verify Not Pass
2020-10-26 20:21:59.376 [handshake_client.go:189][clientHandshake][Info] 
001->>>>>>>>>>> Client hello Msg >>>>>>>>>>>>>>>>>>>>>
00000000  01 00 00 29 01 01 e1 4e  c7 75 b5 45 92 77 8b 6a  |...)...N.u.E.w.j|
00000010  24 c5 7a 91 d3 ce 47 ac  4a e4 a5 d8 5e db 59 1f  |$.z...G.J...^.Y.|
00000020  04 55 a9 3e b5 88 00 00  02 e0 13 01 00           |.U.>.........|

2020-10-26 20:21:59.411 [handshake_client.go:205][clientHandshake][Info] 
002-<<<<<<<<<<< Server Hello Msg <<<<<<<<<<<<<<<<<
00000000  02 00 00 46 01 01 3f fa  ef 54 53 57 f3 95 e6 8a  |...F..?..TSW....|
00000010  70 0e d8 d0 77 51 9a c3  08 ae ac dc cc 55 65 c5  |p...wQ.......Ue.|
00000020  3c d5 72 1e e1 f7 20 b7  45 3f 73 ef f9 bf fc 42  |<.r... .E?s....B|
00000030  63 2a 11 22 55 3e 9e f9  c8 70 86 92 cb d0 c9 97  |c*."U>...p......|
00000040  79 d4 16 de ed 68 5f e0  13 00                    |y....h_...|

2020-10-26 20:21:59.412 [handshake_client.go:324][doFullHandshake][Info] 
003-<<<<<<<<<<< Server Certificates <<<<<<<<<<<<<<<<<+
00000000  0b 00 0c 28 00 0c 25 00  03 7c 30 82 03 78 30 82  |...(..%..|0..x0.|
00000010  03 1d a0 03 02 01 02 02  10 4b 73 f7 e7 93 2a 4c  |.........Ks...*L|
00000020  d4 38 b7 4b 80 f0 bc 4b  01 30 0a 06 08 2a 81 1c  |.8.K...K.0...*..|
00000030  cf 55 01 83 75 30 64 31  0b 30 09 06 03 55 04 06  |.U..u0d1.0...U..|
00000040  13 02 43 4e 31 2d 30 2b  06 03 55 04 0a 0c 24 e6  |..CN1-0+..U...$.|
00000050  b2 83 e9 80 9a e7 94 b5  e5 ad 90 e8 ae a4 e8 af  |................|
00000060  81 e6 9c 8d e5 8a a1 e6  9c 89 e9 99 90 e5 85 ac  |................|
00000070  e5 8f b8 31 26 30 24 06  03 55 04 03 0c 1d e5 9b  |...1&0$..U......|
00000080  bd e5 af 86 53 4d 32 e6  9c 8d e5 8a a1 e5 99 a8  |....SM2.........|
00000090  e6 a0 b9 e8 af 81 e4 b9  a6 56 33 30 1e 17 0d 31  |.........V30...1|
000000a0  39 30 34 31 32 30 35 33  30 34 31 5a 17 0d 32 31  |90412053041Z..21|
000000b0  30 34 31 32 30 33 33 39  35 33 5a 30 7f 31 0b 30  |0412033953Z0.1.0|
000000c0  09 06 03 55 04 06 13 02  43 4e 31 12 30 10 06 03  |...U....CN1.0...|
000000d0  55 04 08 0c 09 e5 b9 bf  e4 b8 9c e7 9c 81 31 12  |U.............1.|
000000e0  30 10 06 03 55 04 07 0c  09 e6 b7 b1 e5 9c b3 e5  |0...U...........|
000000f0  b8 82 31 2d 30 2b 06 03  55 04 0a 0c 24 e6 b2 83  |..1-0+..U...$...|
00000100  e9 80 9a e7 94 b5 e5 ad  90 e8 ae a4 e8 af 81 e6  |................|
00000110  9c 8d e5 8a a1 e6 9c 89  e9 99 90 e5 85 ac e5 8f  |................|
00000120  b8 31 19 30 17 06 03 55  04 03 0c 10 73 6d 32 6f  |.1.0...U....sm2o|
00000130  6e 6c 79 2e 6f 76 73 73  6c 2e 63 6e 30 59 30 13  |nly.ovssl.cn0Y0.|
00000140  06 07 2a 86 48 ce 3d 02  01 06 08 2a 81 1c cf 55  |..*.H.=....*...U|
00000150  01 82 2d 03 42 00 04 f3  58 5b c2 71 ca 09 cc a4  |..-.B...X[.q....|
00000160  02 38 d1 6d 3b 32 df f4  e3 9e 83 76 90 24 46 86  |.8.m;2.....v.$F.|
00000170  b9 dd ef f3 26 79 ab 8d  a3 e8 f9 08 a4 37 fb a2  |....&y.......7..|
00000180  83 82 75 6f 21 05 e9 d1  3a 06 a3 4d 22 f9 83 ec  |..uo!...:..M"...|
00000190  24 0f 78 0e 4f f0 5d a3  82 01 94 30 82 01 90 30  |$.x.O.]....0...0|
000001a0  0e 06 03 55 1d 0f 01 01  ff 04 04 03 02 07 80 30  |...U...........0|
000001b0  1d 06 03 55 1d 25 04 16  30 14 06 08 2b 06 01 05  |...U.%..0...+...|
000001c0  05 07 03 01 06 08 2b 06  01 05 05 07 03 02 30 09  |......+.......0.|
000001d0  06 03 55 1d 13 04 02 30  00 30 1d 06 03 55 1d 0e  |..U....0.0...U..|
000001e0  04 16 04 14 ad ef cf 5e  e9 2a c6 23 56 34 71 1e  |.......^.*.#V4q.|
000001f0  83 ce 1d f0 f5 aa 54 81  30 1f 06 03 55 1d 23 04  |......T.0...U.#.|
00000200  18 30 16 80 14 8e 86 68  b9 2c d8 ae cb 20 26 f6  |.0.....h.,... &.|
00000210  5f b6 3b 5a 5e ea 9b 99  66 30 65 06 08 2b 06 01  |_.;Z^...f0e..+..|
00000220  05 05 07 01 01 04 59 30  57 30 22 06 08 2b 06 01  |......Y0W0"..+..|
00000230  05 05 07 30 01 86 16 68  74 74 70 3a 2f 2f 6f 63  |...0...http://oc|
00000240  73 70 2e 77 6f 74 72 75  73 2e 63 6f 6d 30 31 06  |sp.wotrus.com01.|
00000250  08 2b 06 01 05 05 07 30  02 86 25 68 74 74 70 3a  |.+.....0..%http:|
00000260  2f 2f 61 69 61 2e 77 6f  74 72 75 73 2e 63 6f 6d  |//aia.wotrus.com|
00000270  2f 77 73 2d 73 6d 32 2d  73 73 6c 33 2e 63 65 72  |/ws-sm2-ssl3.cer|
00000280  30 36 06 03 55 1d 1f 04  2f 30 2d 30 2b a0 29 a0  |06..U.../0-0+.).|
00000290  27 86 25 68 74 74 70 3a  2f 2f 63 72 6c 2e 77 6f  |'.%http://crl.wo|
000002a0  74 72 75 73 2e 63 6f 6d  2f 77 73 2d 73 6d 32 2d  |trus.com/ws-sm2-|
000002b0  73 73 6c 33 2e 63 72 6c  30 1b 06 03 55 1d 11 04  |ssl3.crl0...U...|
000002c0  14 30 12 82 10 73 6d 32  6f 6e 6c 79 2e 6f 76 73  |.0...sm2only.ovs|
000002d0  73 6c 2e 63 6e 30 58 06  03 55 1d 20 04 51 30 4f  |sl.cn0X..U. .Q0O|
000002e0  30 08 06 06 67 81 0c 01  02 02 30 09 06 07 2a 81  |0...g.....0...*.|
000002f0  1c 89 98 2a 0d 30 38 06  09 2a 81 1c 89 98 2a 03  |...*.08..*....*.|
00000300  01 03 30 2b 30 29 06 08  2b 06 01 05 05 07 02 01  |..0+0)..+.......|
00000310  16 1d 68 74 74 70 3a 2f  2f 77 77 77 2e 77 6f 74  |..http://www.wot|
00000320  72 75 73 2e 63 6f 6d 2f  70 6f 6c 69 63 79 2f 30  |rus.com/policy/0|
00000330  0a 06 08 2a 81 1c cf 55  01 83 75 03 49 00 30 46  |...*...U..u.I.0F|
00000340  02 21 00 fe d5 d0 89 2c  29 5c 71 b4 c1 19 aa 6b  |.!.....,)\q....k|
00000350  0a 18 97 90 81 db d8 ed  3c dd 44 9f 4e 8f 1b 89  |........<.D.N...|
00000360  d3 f7 b3 02 21 00 98 a2  6a 57 94 ac c2 ec 46 de  |....!...jW....F.|
00000370  65 53 dd ec 61 f8 22 94  0f d1 59 fa f9 dc 56 80  |eS..a."...Y...V.|
00000380  a1 65 1a 9f cd 22 00 03  7b 30 82 03 77 30 82 03  |.e..."..{0..w0..|
00000390  1d a0 03 02 01 02 02 10  19 29 94 d9 5a 2e 21 59  |.........)..Z.!Y|
000003a0  99 82 df c0 71 eb 4e dc  30 0a 06 08 2a 81 1c cf  |....q.N.0...*...|
000003b0  55 01 83 75 30 64 31 0b  30 09 06 03 55 04 06 13  |U..u0d1.0...U...|
000003c0  02 43 4e 31 2d 30 2b 06  03 55 04 0a 0c 24 e6 b2  |.CN1-0+..U...$..|
000003d0  83 e9 80 9a e7 94 b5 e5  ad 90 e8 ae a4 e8 af 81  |................|
000003e0  e6 9c 8d e5 8a a1 e6 9c  89 e9 99 90 e5 85 ac e5  |................|
000003f0  8f b8 31 26 30 24 06 03  55 04 03 0c 1d e5 9b bd  |..1&0$..U.......|
00000400  e5 af 86 53 4d 32 e6 9c  8d e5 8a a1 e5 99 a8 e6  |...SM2..........|
00000410  a0 b9 e8 af 81 e4 b9 a6  56 33 30 1e 17 0d 31 39  |........V30...19|
00000420  30 34 31 32 30 35 33 30  32 38 5a 17 0d 32 31 30  |0412053028Z..210|
00000430  34 31 32 30 33 33 39 35  33 5a 30 7f 31 0b 30 09  |412033953Z0.1.0.|
00000440  06 03 55 04 06 13 02 43  4e 31 12 30 10 06 03 55  |..U....CN1.0...U|
00000450  04 08 0c 09 e5 b9 bf e4  b8 9c e7 9c 81 31 12 30  |.............1.0|
00000460  10 06 03 55 04 07 0c 09  e6 b7 b1 e5 9c b3 e5 b8  |...U............|
00000470  82 31 2d 30 2b 06 03 55  04 0a 0c 24 e6 b2 83 e9  |.1-0+..U...$....|
00000480  80 9a e7 94 b5 e5 ad 90  e8 ae a4 e8 af 81 e6 9c  |................|
00000490  8d e5 8a a1 e6 9c 89 e9  99 90 e5 85 ac e5 8f b8  |................|
000004a0  31 19 30 17 06 03 55 04  03 0c 10 73 6d 32 6f 6e  |1.0...U....sm2on|
000004b0  6c 79 2e 6f 76 73 73 6c  2e 63 6e 30 59 30 13 06  |ly.ovssl.cn0Y0..|
000004c0  07 2a 86 48 ce 3d 02 01  06 08 2a 81 1c cf 55 01  |.*.H.=....*...U.|
000004d0  82 2d 03 42 00 04 c6 cc  b0 cb 4f 8c 20 00 04 0f  |.-.B......O. ...|
000004e0  0c ba cc 3a 40 d0 39 2d  92 f7 67 97 da ca 49 61  |...:@.9-..g...Ia|
000004f0  90 48 5b 6e 71 85 b6 b6  61 c3 a1 71 8e db 3b bb  |.H[nq...a..q..;.|
00000500  08 25 b7 fa 73 44 c8 05  25 d2 78 d4 61 a3 4f 5a  |.%..sD..%.x.a.OZ|
00000510  e2 5c 36 96 85 bf a3 82  01 94 30 82 01 90 30 0e  |.\6.......0...0.|
00000520  06 03 55 1d 0f 01 01 ff  04 04 03 02 05 20 30 1d  |..U.......... 0.|
00000530  06 03 55 1d 25 04 16 30  14 06 08 2b 06 01 05 05  |..U.%..0...+....|
00000540  07 03 01 06 08 2b 06 01  05 05 07 03 02 30 09 06  |.....+.......0..|
00000550  03 55 1d 13 04 02 30 00  30 1d 06 03 55 1d 0e 04  |.U....0.0...U...|
00000560  16 04 14 00 67 9b 96 d2  8c 9d d2 14 77 03 48 6a  |....g.......w.Hj|
00000570  af 90 97 d8 63 4b e5 30  1f 06 03 55 1d 23 04 18  |....cK.0...U.#..|
00000580  30 16 80 14 8e 86 68 b9  2c d8 ae cb 20 26 f6 5f  |0.....h.,... &._|
00000590  b6 3b 5a 5e ea 9b 99 66  30 65 06 08 2b 06 01 05  |.;Z^...f0e..+...|
000005a0  05 07 01 01 04 59 30 57  30 22 06 08 2b 06 01 05  |.....Y0W0"..+...|
000005b0  05 07 30 01 86 16 68 74  74 70 3a 2f 2f 6f 63 73  |..0...http://ocs|
000005c0  70 2e 77 6f 74 72 75 73  2e 63 6f 6d 30 31 06 08  |p.wotrus.com01..|
000005d0  2b 06 01 05 05 07 30 02  86 25 68 74 74 70 3a 2f  |+.....0..%http:/|
000005e0  2f 61 69 61 2e 77 6f 74  72 75 73 2e 63 6f 6d 2f  |/aia.wotrus.com/|
000005f0  77 73 2d 73 6d 32 2d 73  73 6c 33 2e 63 65 72 30  |ws-sm2-ssl3.cer0|
00000600  36 06 03 55 1d 1f 04 2f  30 2d 30 2b a0 29 a0 27  |6..U.../0-0+.).'|
00000610  86 25 68 74 74 70 3a 2f  2f 63 72 6c 2e 77 6f 74  |.%http://crl.wot|
00000620  72 75 73 2e 63 6f 6d 2f  77 73 2d 73 6d 32 2d 73  |rus.com/ws-sm2-s|
00000630  73 6c 33 2e 63 72 6c 30  1b 06 03 55 1d 11 04 14  |sl3.crl0...U....|
00000640  30 12 82 10 73 6d 32 6f  6e 6c 79 2e 6f 76 73 73  |0...sm2only.ovss|
00000650  6c 2e 63 6e 30 58 06 03  55 1d 20 04 51 30 4f 30  |l.cn0X..U. .Q0O0|
00000660  08 06 06 67 81 0c 01 02  02 30 09 06 07 2a 81 1c  |...g.....0...*..|
00000670  89 98 2a 0d 30 38 06 09  2a 81 1c 89 98 2a 03 01  |..*.08..*....*..|
00000680  03 30 2b 30 29 06 08 2b  06 01 05 05 07 02 01 16  |.0+0)..+........|
00000690  1d 68 74 74 70 3a 2f 2f  77 77 77 2e 77 6f 74 72  |.http://www.wotr|
000006a0  75 73 2e 63 6f 6d 2f 70  6f 6c 69 63 79 2f 30 0a  |us.com/policy/0.|
000006b0  06 08 2a 81 1c cf 55 01  83 75 03 48 00 30 45 02  |..*...U..u.H.0E.|
000006c0  20 09 b6 30 60 cc 9e 11  c1 21 c5 da a9 58 33 2f  | ..0`....!...X3/|
000006d0  ba 8c c2 d3 f0 0c 52 c7  a0 b8 ab 5d b0 78 a0 35  |......R....].x.5|
000006e0  70 02 21 00 9a c3 24 bd  ff 53 b7 7c d8 d1 cf e1  |p.!...$..S.|....|
000006f0  42 8d 64 22 f3 4d 1a d9  6e cf 93 e1 bd ad 03 73  |B.d".M..n......s|
00000700  06 5c 55 9d 00 03 2a 30  82 03 26 30 82 02 cb a0  |.\U...*0..&0....|
00000710  03 02 01 02 02 10 0b 82  eb 32 c6 cc 55 3c 17 29  |.........2..U<.)|
00000720  a0 8a 80 e9 30 94 30 0a  06 08 2a 81 1c cf 55 01  |....0.0...*...U.|
00000730  83 75 30 59 31 0b 30 09  06 03 55 04 06 13 02 43  |.u0Y1.0...U....C|
00000740  4e 31 2d 30 2b 06 03 55  04 0a 0c 24 e6 b2 83 e9  |N1-0+..U...$....|
00000750  80 9a e7 94 b5 e5 ad 90  e8 ae a4 e8 af 81 e6 9c  |................|
00000760  8d e5 8a a1 e6 9c 89 e9  99 90 e5 85 ac e5 8f b8  |................|
00000770  31 1b 30 19 06 03 55 04  03 0c 12 e5 9b bd e5 af  |1.0...U.........|
00000780  86 53 4d 32 e6 a0 b9 e8  af 81 e4 b9 a6 30 1e 17  |.SM2.........0..|
00000790  0d 31 39 30 34 30 34 30  36 31 38 31 38 5a 17 0d  |.190404061818Z..|
000007a0  33 34 30 34 30 34 30 36  31 38 31 38 5a 30 64 31  |340404061818Z0d1|
000007b0  0b 30 09 06 03 55 04 06  13 02 43 4e 31 2d 30 2b  |.0...U....CN1-0+|
000007c0  06 03 55 04 0a 0c 24 e6  b2 83 e9 80 9a e7 94 b5  |..U...$.........|
000007d0  e5 ad 90 e8 ae a4 e8 af  81 e6 9c 8d e5 8a a1 e6  |................|
000007e0  9c 89 e9 99 90 e5 85 ac  e5 8f b8 31 26 30 24 06  |...........1&0$.|
000007f0  03 55 04 03 0c 1d e5 9b  bd e5 af 86 53 4d 32 e6  |.U..........SM2.|
00000800  9c 8d e5 8a a1 e5 99 a8  e6 a0 b9 e8 af 81 e4 b9  |................|
00000810  a6 56 33 30 59 30 13 06  07 2a 86 48 ce 3d 02 01  |.V30Y0...*.H.=..|
00000820  06 08 2a 81 1c cf 55 01  82 2d 03 42 00 04 ef a4  |..*...U..-.B....|
00000830  b6 c1 2d b0 9f 35 5a b2  8d 84 86 90 29 f4 02 eb  |..-..5Z.....)...|
00000840  25 69 01 b1 c0 64 a6 e9  cc 10 1b f0 24 0c 16 9d  |%i...d......$...|
00000850  61 bd 4b 06 9e 7d 7a a7  8e 3d 44 06 26 72 49 89  |a.K..}z..=D.&rI.|
00000860  d4 97 86 47 46 c5 b1 5c  28 1c 2f 07 4b 9f a3 82  |...GF..\(./.K...|
00000870  01 68 30 82 01 64 30 1f  06 03 55 1d 23 04 18 30  |.h0..d0...U.#..0|
00000880  16 80 14 31 b8 15 87 4c  cc 37 97 3a ed ef 4d 91  |...1...L.7.:..M.|
00000890  4a 2b ad 0b 35 76 20 30  1d 06 03 55 1d 0e 04 16  |J+..5v 0...U....|
000008a0  04 14 8e 86 68 b9 2c d8  ae cb 20 26 f6 5f b6 3b  |....h.,... &._.;|
000008b0  5a 5e ea 9b 99 66 30 35  06 03 55 1d 1f 04 2e 30  |Z^...f05..U....0|
000008c0  2c 30 2a a0 28 a0 26 86  24 68 74 74 70 3a 2f 2f  |,0*.(.&.$http://|
000008d0  63 72 6c 2e 77 6f 74 72  75 73 2e 63 6f 6d 2f 77  |crl.wotrus.com/w|
000008e0  6f 74 72 75 73 2d 73 6d  32 2e 63 72 6c 30 64 06  |otrus-sm2.crl0d.|
000008f0  08 2b 06 01 05 05 07 01  01 04 58 30 56 30 22 06  |.+........X0V0".|
00000900  08 2b 06 01 05 05 07 30  01 86 16 68 74 74 70 3a  |.+.....0...http:|
00000910  2f 2f 6f 63 73 70 2e 77  6f 74 72 75 73 2e 63 6f  |//ocsp.wotrus.co|
00000920  6d 30 30 06 08 2b 06 01  05 05 07 30 02 86 24 68  |m00..+.....0..$h|
00000930  74 74 70 3a 2f 2f 61 69  61 2e 77 6f 74 72 75 73  |ttp://aia.wotrus|
00000940  2e 63 6f 6d 2f 77 6f 74  72 75 73 2d 73 6d 32 2e  |.com/wotrus-sm2.|
00000950  63 65 72 30 42 06 03 55  1d 20 04 3b 30 39 30 37  |cer0B..U. .;0907|
00000960  06 08 2a 81 1c 89 98 2a  03 01 30 2b 30 29 06 08  |..*....*..0+0)..|
00000970  2b 06 01 05 05 07 02 01  16 1d 68 74 74 70 3a 2f  |+.........http:/|
00000980  2f 77 77 77 2e 77 6f 74  72 75 73 2e 63 6f 6d 2f  |/www.wotrus.com/|
00000990  70 6f 6c 69 63 79 2f 30  12 06 03 55 1d 13 01 01  |policy/0...U....|
000009a0  ff 04 08 30 06 01 01 ff  02 01 00 30 0e 06 03 55  |...0.......0...U|
000009b0  1d 0f 01 01 ff 04 04 03  02 01 06 30 1d 06 03 55  |...........0...U|
000009c0  1d 25 04 16 30 14 06 08  2b 06 01 05 05 07 03 01  |.%..0...+.......|
000009d0  06 08 2b 06 01 05 05 07  03 02 30 0a 06 08 2a 81  |..+.......0...*.|
000009e0  1c cf 55 01 83 75 03 49  00 30 46 02 21 00 bf 0c  |..U..u.I.0F.!...|
000009f0  63 c0 3d 07 80 46 cf fe  4f 1b cc 7d 33 62 4c 58  |c.=..F..O..}3bLX|
00000a00  e0 bc a5 76 d5 da f0 cd  dc 7b 02 2a 9d 58 02 21  |...v.....{.*.X.!|
00000a10  00 8e 18 68 64 a8 a9 d5  5c 94 e2 18 33 31 af 6c  |...hd...\...31.l|
00000a20  bf 76 a4 8e 21 85 2f 39  05 24 62 d1 76 58 42 bc  |.v..!./9.$b.vXB.|
00000a30  ee 00 01 f8 30 82 01 f4  30 82 01 99 a0 03 02 01  |....0...0.......|
00000a40  02 02 11 00 81 c3 54 bd  60 b9 2c bb 5e 81 55 a3  |......T.`.,.^.U.|
00000a50  42 38 fa d4 30 0a 06 08  2a 81 1c cf 55 01 83 75  |B8..0...*...U..u|
00000a60  30 59 31 0b 30 09 06 03  55 04 06 13 02 43 4e 31  |0Y1.0...U....CN1|
00000a70  2d 30 2b 06 03 55 04 0a  0c 24 e6 b2 83 e9 80 9a  |-0+..U...$......|
00000a80  e7 94 b5 e5 ad 90 e8 ae  a4 e8 af 81 e6 9c 8d e5  |................|
00000a90  8a a1 e6 9c 89 e9 99 90  e5 85 ac e5 8f b8 31 1b  |..............1.|
00000aa0  30 19 06 03 55 04 03 0c  12 e5 9b bd e5 af 86 53  |0...U..........S|
00000ab0  4d 32 e6 a0 b9 e8 af 81  e4 b9 a6 30 1e 17 0d 31  |M2.........0...1|
00000ac0  39 30 34 30 34 30 36 31  36 31 36 5a 17 0d 34 34  |90404061616Z..44|
00000ad0  30 34 30 34 30 36 31 36  31 36 5a 30 59 31 0b 30  |0404061616Z0Y1.0|
00000ae0  09 06 03 55 04 06 13 02  43 4e 31 2d 30 2b 06 03  |...U....CN1-0+..|
00000af0  55 04 0a 0c 24 e6 b2 83  e9 80 9a e7 94 b5 e5 ad  |U...$...........|
00000b00  90 e8 ae a4 e8 af 81 e6  9c 8d e5 8a a1 e6 9c 89  |................|
00000b10  e9 99 90 e5 85 ac e5 8f  b8 31 1b 30 19 06 03 55  |.........1.0...U|
00000b20  04 03 0c 12 e5 9b bd e5  af 86 53 4d 32 e6 a0 b9  |..........SM2...|
00000b30  e8 af 81 e4 b9 a6 30 59  30 13 06 07 2a 86 48 ce  |......0Y0...*.H.|
00000b40  3d 02 01 06 08 2a 81 1c  cf 55 01 82 2d 03 42 00  |=....*...U..-.B.|
00000b50  04 1b 68 b0 41 69 9d b0  8e fe 33 30 16 ac b7 6b  |..h.Ai....30...k|
00000b60  1f 89 c4 cd be 2a d9 48  f2 fd 06 c6 ae 5a ae 7b  |.....*.H.....Z.{|
00000b70  be 22 79 81 44 23 9c 55  d4 9f 3f 46 a3 c7 d6 7f  |."y.D#.U..?F....|
00000b80  43 f0 10 73 cd e6 2e bf  d9 87 26 96 20 07 a8 d7  |C..s......&. ...|
00000b90  a2 a3 42 30 40 30 1d 06  03 55 1d 0e 04 16 04 14  |..B0@0...U......|
00000ba0  31 b8 15 87 4c cc 37 97  3a ed ef 4d 91 4a 2b ad  |1...L.7.:..M.J+.|
00000bb0  0b 35 76 20 30 0f 06 03  55 1d 13 01 01 ff 04 05  |.5v 0...U.......|
00000bc0  30 03 01 01 ff 30 0e 06  03 55 1d 0f 01 01 ff 04  |0....0...U......|
00000bd0  04 03 02 01 06 30 0a 06  08 2a 81 1c cf 55 01 83  |.....0...*...U..|
00000be0  75 03 49 00 30 46 02 21  00 ac a1 b6 30 e0 fd 57  |u.I.0F.!....0..W|
00000bf0  6d 2b 8b c6 fa 11 dd 14  e1 8e ff 8e 2d 41 dd a0  |m+..........-A..|
00000c00  67 71 4e d6 5d bf a8 da  c8 02 21 00 b0 41 f2 c7  |gqN.].....!..A..|
00000c10  0d 9a d3 60 c8 45 2d d7  3e 78 81 ab 10 6f c3 a2  |...`.E-.>x...o..|
00000c20  09 91 0f 21 d4 59 04 34  76 18 8e c0              |...!.Y.4v...|

2020-10-26 20:21:59.421 [key_argreement_gm.go:213][processServerKeyExchange][Error] tls: unexpected ServerKeyExchange Verify Not Pass
2020-10-26 20:21:59.421 [main.go:57][gmclient_echo][Info] Dial ERR->tls: unexpected ServerKeyExchange Verify Not Pass
